-encoding
UTF-8
-outxml
-source
1.6
-target
1.6
-classpath
/Users/jbbarquero/.m2/repository/antlr/antlr/2.7.6/antlr-2.7.6.jar:/Users/jbbarquero/.m2/repository/aopalliance/aopalliance/1.0/aopalliance-1.0.jar:/Users/jbbarquero/.m2/repository/cglib/cglib-nodep/2.2.2/cglib-nodep-2.2.2.jar:/Users/jbbarquero/Documents/roo/mercurius/mercurius-codes/target/classes:/Users/jbbarquero/.m2/repository/commons-beanutils/commons-beanutils/1.8.3/commons-beanutils-1.8.3.jar:/Users/jbbarquero/.m2/repository/commons-codec/commons-codec/1.3/commons-codec-1.3.jar:/Users/jbbarquero/.m2/repository/commons-collections/commons-collections/3.2/commons-collections-3.2.jar:/Users/jbbarquero/.m2/repository/commons-dbcp/commons-dbcp/1.3/commons-dbcp-1.3.jar:/Users/jbbarquero/.m2/repository/commons-digester/commons-digester/1.8/commons-digester-1.8.jar:/Users/jbbarquero/.m2/repository/commons-fileupload/commons-fileupload/1.2.2/commons-fileupload-1.2.2.jar:/Users/jbbarquero/.m2/repository/commons-io/commons-io/2.1/commons-io-2.1.jar:/Users/jbbarquero/.m2/repository/commons-logging/commons-logging/1.1.1/commons-logging-1.1.1.jar:/Users/jbbarquero/.m2/repository/commons-pool/commons-pool/1.5.4/commons-pool-1.5.4.jar:/Users/jbbarquero/.m2/repository/dom4j/dom4j/1.6.1/dom4j-1.6.1.jar:/Users/jbbarquero/.m2/repository/javassist/javassist/3.12.0.GA/javassist-3.12.0.GA.jar:/Users/jbbarquero/.m2/repository/javax/el/el-api/2.2/el-api-2.2.jar:/Users/jbbarquero/.m2/repository/javax/servlet/servlet-api/2.5/servlet-api-2.5.jar:/Users/jbbarquero/.m2/repository/javax/transaction/jta/1.1/jta-1.1.jar:/Users/jbbarquero/.m2/repository/javax/validation/validation-api/1.0.0.GA/validation-api-1.0.0.GA.jar:/Users/jbbarquero/.m2/repository/junit/junit/4.9/junit-4.9.jar:/Users/jbbarquero/.m2/repository/log4j/log4j/1.2.16/log4j-1.2.16.jar:/Users/jbbarquero/.m2/repository/net/sf/flexjson/flexjson/2.1/flexjson-2.1.jar:/Users/jbbarquero/.m2/repository/org/apache/commons/commons-lang3/3.0.1/commons-lang3-3.0.1.jar:/Users/jbbarquero/.m2/repository/org/apache/myfaces/core/myfaces-api/2.1.3/myfaces-api-2.1.3.jar:/Users/jbbarquero/.m2/repository/org/apache/myfaces/core/myfaces-impl/2.1.3/myfaces-impl-2.1.3.jar:/Users/jbbarquero/.m2/repository/org/aspectj/aspectjrt/1.6.12.M2/aspectjrt-1.6.12.M2.jar:/Users/jbbarquero/.m2/repository/org/aspectj/aspectjweaver/1.6.12.M2/aspectjweaver-1.6.12.M2.jar:/Users/jbbarquero/.m2/repository/org/hibernate/hibernate-commons-annotations/3.2.0.Final/hibernate-commons-annotations-3.2.0.Final.jar:/Users/jbbarquero/.m2/repository/org/hibernate/hibernate-core/3.6.8.Final/hibernate-core-3.6.8.Final.jar:/Users/jbbarquero/.m2/repository/org/hibernate/hibernate-entitymanager/3.6.8.Final/hibernate-entitymanager-3.6.8.Final.jar:/Users/jbbarquero/.m2/repository/org/hibernate/hibernate-validator/4.2.0.Final/hibernate-validator-4.2.0.Final.jar:/Users/jbbarquero/.m2/repository/org/hibernate/javax/persistence/hibernate-jpa-2.0-api/1.0.1.Final/hibernate-jpa-2.0-api-1.0.1.Final.jar:/Users/jbbarquero/.m2/repository/org/primefaces/primefaces/3.0.M4/primefaces-3.0.M4.jar:/Users/jbbarquero/.m2/repository/org/primefaces/themes/dot-luv/1.0.2/dot-luv-1.0.2.jar:/Users/jbbarquero/.m2/repository/org/primefaces/themes/south-street/1.0.2/south-street-1.0.2.jar:/Users/jbbarquero/.m2/repository/org/slf4j/jcl-over-slf4j/1.6.2/jcl-over-slf4j-1.6.2.jar:/Users/jbbarquero/.m2/repository/org/slf4j/slf4j-api/1.6.2/slf4j-api-1.6.2.jar:/Users/jbbarquero/.m2/repository/org/slf4j/slf4j-log4j12/1.6.2/slf4j-log4j12-1.6.2.jar:/Users/jbbarquero/.m2/repository/org/springframework/spring-aop/3.0.6.RELEASE/spring-aop-3.0.6.RELEASE.jar:/Users/jbbarquero/.m2/repository/org/springframework/spring-asm/3.0.6.RELEASE/spring-asm-3.0.6.RELEASE.jar:/Users/jbbarquero/.m2/repository/org/springframework/spring-aspects/3.0.6.RELEASE/spring-aspects-3.0.6.RELEASE.jar:/Users/jbbarquero/.m2/repository/org/springframework/spring-beans/3.0.6.RELEASE/spring-beans-3.0.6.RELEASE.jar:/Users/jbbarquero/.m2/repository/org/springframework/spring-context/3.0.6.RELEASE/spring-context-3.0.6.RELEASE.jar:/Users/jbbarquero/.m2/repository/org/springframework/spring-context-support/3.0.6.RELEASE/spring-context-support-3.0.6.RELEASE.jar:/Users/jbbarquero/.m2/repository/org/springframework/spring-core/3.0.6.RELEASE/spring-core-3.0.6.RELEASE.jar:/Users/jbbarquero/.m2/repository/org/springframework/spring-expression/3.0.6.RELEASE/spring-expression-3.0.6.RELEASE.jar:/Users/jbbarquero/.m2/repository/org/springframework/spring-jdbc/3.0.6.RELEASE/spring-jdbc-3.0.6.RELEASE.jar:/Users/jbbarquero/.m2/repository/org/springframework/spring-orm/3.0.6.RELEASE/spring-orm-3.0.6.RELEASE.jar:/Users/jbbarquero/.m2/repository/org/springframework/spring-test/3.0.6.RELEASE/spring-test-3.0.6.RELEASE.jar:/Users/jbbarquero/.m2/repository/org/springframework/spring-tx/3.0.6.RELEASE/spring-tx-3.0.6.RELEASE.jar:/Users/jbbarquero/.m2/repository/org/springframework/spring-web/3.0.6.RELEASE/spring-web-3.0.6.RELEASE.jar:/Users/jbbarquero/.m2/repository/org/springframework/roo/org.springframework.roo.annotations/1.2.0.BUILD-SNAPSHOT/org.springframework.roo.annotations-1.2.0.BUILD-SNAPSHOT.jar:/Users/jbbarquero/.m2/repository/postgresql/postgresql/9.0-801.jdbc3/postgresql-9.0-801.jdbc3.jar:/Users/jbbarquero/Documents/roo/mercurius/mercurius-web/target/classes
-aspectpath
/Users/jbbarquero/.m2/repository/org/springframework/spring-aspects/3.0.6.RELEASE/spring-aspects-3.0.6.RELEASE.jar
-d
/Users/jbbarquero/Documents/roo/mercurius/mercurius-web/target/classes
/Users/jbbarquero/Documents/roo/mercurius/mercurius-web/src/main/java/com/malsolo/mercurius/web/jsf/util/LocaleBean.java
/Users/jbbarquero/Documents/roo/mercurius/mercurius-web/src/main/java/com/malsolo/mercurius/web/jsf/converter/CountryConverter_Roo_Converter.aj
/Users/jbbarquero/Documents/roo/mercurius/mercurius-web/src/main/java/com/malsolo/mercurius/web/jsf/ApplicationBean_Roo_Configurable.aj
/Users/jbbarquero/Documents/roo/mercurius/mercurius-web/src/main/java/com/malsolo/mercurius/web/jsf/converter/CountryConverter.java
/Users/jbbarquero/Documents/roo/mercurius/mercurius-web/src/main/java/com/malsolo/mercurius/web/jsf/converter/CountryConverter_Roo_Configurable.aj
/Users/jbbarquero/Documents/roo/mercurius/mercurius-web/src/main/java/com/malsolo/mercurius/web/jsf/CountryBean_Roo_ManagedBean.aj
/Users/jbbarquero/Documents/roo/mercurius/mercurius-web/src/main/java/com/malsolo/mercurius/web/jsf/ApplicationBean.java
/Users/jbbarquero/Documents/roo/mercurius/mercurius-web/src/main/java/com/malsolo/mercurius/web/jsf/CountryBean.java
/Users/jbbarquero/Documents/roo/mercurius/mercurius-web/src/main/java/com/malsolo/mercurius/web/jsf/ApplicationBean_Roo_ApplicationBean.aj
/Users/jbbarquero/Documents/roo/mercurius/mercurius-web/src/main/java/com/malsolo/mercurius/web/jsf/util/ViewExpiredExceptionExceptionHandlerFactory.java
/Users/jbbarquero/Documents/roo/mercurius/mercurius-web/src/main/java/com/malsolo/mercurius/web/jsf/util/ViewExpiredExceptionExceptionHandler.java
/Users/jbbarquero/Documents/roo/mercurius/mercurius-web/src/main/java/com/malsolo/mercurius/web/jsf/CountryBean_Roo_Configurable.aj
