-encoding
UTF-8
-outxml
-source
1.6
-target
1.6
-classpath
/Users/jbbarquero/.m2/repository/antlr/antlr/2.7.6/antlr-2.7.6.jar:/Users/jbbarquero/.m2/repository/aopalliance/aopalliance/1.0/aopalliance-1.0.jar:/Users/jbbarquero/.m2/repository/cglib/cglib-nodep/2.2.2/cglib-nodep-2.2.2.jar:/Users/jbbarquero/.m2/repository/commons-collections/commons-collections/3.1/commons-collections-3.1.jar:/Users/jbbarquero/.m2/repository/commons-dbcp/commons-dbcp/1.3/commons-dbcp-1.3.jar:/Users/jbbarquero/.m2/repository/commons-pool/commons-pool/1.5.4/commons-pool-1.5.4.jar:/Users/jbbarquero/.m2/repository/dom4j/dom4j/1.6.1/dom4j-1.6.1.jar:/Users/jbbarquero/.m2/repository/javassist/javassist/3.12.0.GA/javassist-3.12.0.GA.jar:/Users/jbbarquero/.m2/repository/javax/servlet/servlet-api/2.5/servlet-api-2.5.jar:/Users/jbbarquero/.m2/repository/javax/transaction/jta/1.1/jta-1.1.jar:/Users/jbbarquero/.m2/repository/javax/validation/validation-api/1.0.0.GA/validation-api-1.0.0.GA.jar:/Users/jbbarquero/.m2/repository/log4j/log4j/1.2.16/log4j-1.2.16.jar:/Users/jbbarquero/.m2/repository/net/sf/flexjson/flexjson/2.1/flexjson-2.1.jar:/Users/jbbarquero/.m2/repository/org/apache/commons/commons-lang3/3.0.1/commons-lang3-3.0.1.jar:/Users/jbbarquero/.m2/repository/org/aspectj/aspectjrt/1.6.12.M2/aspectjrt-1.6.12.M2.jar:/Users/jbbarquero/.m2/repository/org/aspectj/aspectjweaver/1.6.12.M2/aspectjweaver-1.6.12.M2.jar:/Users/jbbarquero/.m2/repository/org/hibernate/hibernate-commons-annotations/3.2.0.Final/hibernate-commons-annotations-3.2.0.Final.jar:/Users/jbbarquero/.m2/repository/org/hibernate/hibernate-core/3.6.8.Final/hibernate-core-3.6.8.Final.jar:/Users/jbbarquero/.m2/repository/org/hibernate/hibernate-entitymanager/3.6.8.Final/hibernate-entitymanager-3.6.8.Final.jar:/Users/jbbarquero/.m2/repository/org/hibernate/hibernate-validator/4.2.0.Final/hibernate-validator-4.2.0.Final.jar:/Users/jbbarquero/.m2/repository/org/hibernate/javax/persistence/hibernate-jpa-2.0-api/1.0.1.Final/hibernate-jpa-2.0-api-1.0.1.Final.jar:/Users/jbbarquero/.m2/repository/org/slf4j/jcl-over-slf4j/1.6.2/jcl-over-slf4j-1.6.2.jar:/Users/jbbarquero/.m2/repository/org/slf4j/slf4j-api/1.6.2/slf4j-api-1.6.2.jar:/Users/jbbarquero/.m2/repository/org/slf4j/slf4j-log4j12/1.6.2/slf4j-log4j12-1.6.2.jar:/Users/jbbarquero/.m2/repository/org/springframework/spring-aop/3.0.6.RELEASE/spring-aop-3.0.6.RELEASE.jar:/Users/jbbarquero/.m2/repository/org/springframework/spring-asm/3.0.6.RELEASE/spring-asm-3.0.6.RELEASE.jar:/Users/jbbarquero/.m2/repository/org/springframework/spring-aspects/3.0.6.RELEASE/spring-aspects-3.0.6.RELEASE.jar:/Users/jbbarquero/.m2/repository/org/springframework/spring-beans/3.0.6.RELEASE/spring-beans-3.0.6.RELEASE.jar:/Users/jbbarquero/.m2/repository/org/springframework/spring-context/3.0.6.RELEASE/spring-context-3.0.6.RELEASE.jar:/Users/jbbarquero/.m2/repository/org/springframework/spring-context-support/3.0.6.RELEASE/spring-context-support-3.0.6.RELEASE.jar:/Users/jbbarquero/.m2/repository/org/springframework/spring-core/3.0.6.RELEASE/spring-core-3.0.6.RELEASE.jar:/Users/jbbarquero/.m2/repository/org/springframework/spring-expression/3.0.6.RELEASE/spring-expression-3.0.6.RELEASE.jar:/Users/jbbarquero/.m2/repository/org/springframework/spring-jdbc/3.0.6.RELEASE/spring-jdbc-3.0.6.RELEASE.jar:/Users/jbbarquero/.m2/repository/org/springframework/spring-orm/3.0.6.RELEASE/spring-orm-3.0.6.RELEASE.jar:/Users/jbbarquero/.m2/repository/org/springframework/spring-tx/3.0.6.RELEASE/spring-tx-3.0.6.RELEASE.jar:/Users/jbbarquero/.m2/repository/org/springframework/roo/org.springframework.roo.annotations/1.2.0.BUILD-SNAPSHOT/org.springframework.roo.annotations-1.2.0.BUILD-SNAPSHOT.jar:/Users/jbbarquero/.m2/repository/postgresql/postgresql/9.0-801.jdbc3/postgresql-9.0-801.jdbc3.jar:/Users/jbbarquero/Documents/roo/mercurius/mercurius-codes/target/classes
-aspectpath
/Users/jbbarquero/.m2/repository/org/springframework/spring-aspects/3.0.6.RELEASE/spring-aspects-3.0.6.RELEASE.jar
-d
/Users/jbbarquero/Documents/roo/mercurius/mercurius-codes/target/classes
/Users/jbbarquero/Documents/roo/mercurius/mercurius-codes/src/main/java/com/malsolo/mercurius/codes/service/CountryServiceImpl.java
/Users/jbbarquero/Documents/roo/mercurius/mercurius-codes/src/main/java/com/malsolo/mercurius/codes/service/CountryService_Roo_Service.aj
/Users/jbbarquero/Documents/roo/mercurius/mercurius-codes/src/main/java/com/malsolo/mercurius/codes/domain/Country_Roo_JavaBean.aj
/Users/jbbarquero/Documents/roo/mercurius/mercurius-codes/src/main/java/com/malsolo/mercurius/codes/domain/Country.java
/Users/jbbarquero/Documents/roo/mercurius/mercurius-codes/src/main/java/com/malsolo/mercurius/codes/domain/Country_Roo_ToString.aj
/Users/jbbarquero/Documents/roo/mercurius/mercurius-codes/src/main/java/com/malsolo/mercurius/codes/domain/Country_Roo_Jpa_Entity.aj
/Users/jbbarquero/Documents/roo/mercurius/mercurius-codes/src/main/java/com/malsolo/mercurius/codes/domain/Country_Roo_Jpa_ActiveRecord.aj
/Users/jbbarquero/Documents/roo/mercurius/mercurius-codes/src/main/java/com/malsolo/mercurius/codes/service/CountryServiceImpl_Roo_Service.aj
/Users/jbbarquero/Documents/roo/mercurius/mercurius-codes/src/main/java/com/malsolo/mercurius/codes/domain/Country_Roo_Configurable.aj
/Users/jbbarquero/Documents/roo/mercurius/mercurius-codes/src/main/java/com/malsolo/mercurius/codes/service/CountryService.java
